<?xml version="1.0" encoding="UTF-8"?>
<!-- Generated by org.testng.reporters.JUnitReportReporter -->
<testsuite hostname="DESKTOP-CJ2TM4F" failures="0" tests="1" name="com.automation.qa.testcases.SauceDemoTestCases" time="8.157" errors="0" timestamp="2024-01-08T21:30:19 IST" skipped="0">
  <testcase classname="com.automation.qa.testcases.SauceDemoTestCases" name="validateLoginPageTitle" time="8.157"/>
</testsuite> <!-- com.automation.qa.testcases.SauceDemoTestCases -->
