<?xml version="1.0" encoding="UTF-8"?>
<!-- Generated by org.testng.reporters.JUnitReportReporter -->
<testsuite hostname="DESKTOP-CJ2TM4F" failures="0" tests="1" name="com.automation.qa.testcases.loginWithInvalidCredentials" time="1.124" errors="0" timestamp="2024-01-09T07:53:48 IST" skipped="0">
  <testcase classname="com.automation.qa.testcases.loginWithInvalidCredentials" name="validateLoginWithInvalidCredentials" time="1.124"/>
</testsuite> <!-- com.automation.qa.testcases.loginWithInvalidCredentials -->
